<html>
<body>
<pre>
<h1>Vision Build Log</h1>
<h2>Project:</h2>
D:\BaiduYunDownload\nRF51822AKII\开发所需的软件\nrf51_sdk_v5_2_0_39364\nrf51822\Board\pca10001\s110\experimental\ble_app_uart\arm\ble_app_uart.uvproj
Project File Date:  03/13/2014

<h2>Output:</h2>
Rebuild target 'nrf51822_xxaa_s110 (256K)'
assembling arm_startup_nrf51.s...
compiling system_nrf51.c...
compiling main.c...
compiling ble_srv_common.c...
compiling ble_nus.c...
compiling ble_advdata.c...
compiling ble_conn_params.c...
compiling softdevice_handler.c...
compiling simple_uart.c...
compiling app_timer.c...
linking...
Program Size: Code=9252 RO-data=244 RW-data=104 ZI-data=4936  
FromELF: creating hex file...
".\_build\ble_app_uart.axf" - 0 Errors, 0 Warning(s).
Build target 'nrf51822_xxaa_s110 (256K)'
compiling main.c...
linking...
Program Size: Code=9248 RO-data=244 RW-data=104 ZI-data=4936  
FromELF: creating hex file...
".\_build\ble_app_uart.axf" - 0 Errors, 0 Warning(s).
Load "D:\\BaiduYunDownload\\nRF51822AKII\\开发所需的软件\\nrf51_sdk_v5_2_0_39364\\nrf51822\\Board\\pca10001\\s110\\experimental\\ble_app_uart\\arm\\_build\\ble_app_uart.axf" 
Set JLink Project File to "D:\BaiduYunDownload\nRF51822AKII\开发所需的软件\nrf51_sdk_v5_2_0_39364\nrf51822\Board\pca10001\s110\experimental\ble_app_uart\arm\JLinkSettings.ini"
* JLink Info: Device "NRF51822_XXAA" selected (257 KB flash, 16 KB RAM).
 
JLink info:
------------
DLL: V4.74b, compiled Aug 19 2013 23:26:44
Firmware: J-Link V9 compiled Oct 28 2014 19:25:34
Hardware: V9.00
Feature(s) : GDB, RDI, FlashBP, FlashDL, JFlash 
 
* JLink Info: Found SWD-DP with ID 0x0BB11477
* JLink Info: FPUnit: 4 code (BP) slots and 0 literal slots
* JLink Info: Found Cortex-M0 r0p0, Little endian.
ROMTableAddr = 0xE00FF003
 
Target info:
------------
Device: nRF51822_xxAA
VTarget = 3.288V
State of Pins: 
TCK: 0, TDI: 0, TDO: 0, TMS: 1, TRES: 1, TRST: 1
Hardware-Breakpoints: 4
Software-Breakpoints: 8192
Watchpoints:          2
JTAG speed: 2000 kHz
 
Erase Failed!
Build target 'nrf51822_xxaa_s110 (256K)'
linking...
Program Size: Code=9248 RO-data=244 RW-data=104 ZI-data=4936  
FromELF: creating hex file...
".\_build\ble_app_uart.axf" - 0 Errors, 0 Warning(s).
Build target 'nrf51822_xxaa_s110 (256K)'
compiling main.c...
linking...
Program Size: Code=9252 RO-data=244 RW-data=104 ZI-data=4936  
FromELF: creating hex file...
".\_build\ble_app_uart.axf" - 0 Errors, 0 Warning(s).
Build target 'nrf51822_xxaa_s110 (256K)'
compiling main.c...
..\main.c(532): error:  #20: identifier "cr" is undefined
".\_build\ble_app_uart.axf" - 1 Errors, 0 Warning(s).
Target not created
Build target 'nrf51822_xxaa_s110 (256K)'
compiling main.c...
..\main.c(532): error:  #167: argument of type "char *" is incompatible with parameter of type "uint8_t"
".\_build\ble_app_uart.axf" - 1 Errors, 0 Warning(s).
Target not created
Rebuild target 'nrf51822_xxaa_s110 (256K)'
assembling arm_startup_nrf51.s...
compiling system_nrf51.c...
compiling main.c...
compiling ble_srv_common.c...
compiling ble_nus.c...
compiling ble_advdata.c...
compiling ble_conn_params.c...
compiling softdevice_handler.c...
compiling simple_uart.c...
compiling app_timer.c...
linking...
Program Size: Code=9260 RO-data=244 RW-data=104 ZI-data=4936  
FromELF: creating hex file...
".\_build\ble_app_uart.axf" - 0 Errors, 0 Warning(s).
Build target 'nrf51822_xxaa_s110 (256K)'
compiling main.c...
linking...
Program Size: Code=9256 RO-data=244 RW-data=104 ZI-data=4936  
FromELF: creating hex file...
".\_build\ble_app_uart.axf" - 0 Errors, 0 Warning(s).
Build target 'nrf51822_xxaa_s110 (256K)'
compiling main.c...
linking...
Program Size: Code=9268 RO-data=244 RW-data=104 ZI-data=4936  
FromELF: creating hex file...
".\_build\ble_app_uart.axf" - 0 Errors, 0 Warning(s).
Build target 'nrf51822_xxaa_s110 (256K)'
compiling main.c...
..\main.c(533): error:  #20: identifier "index" is undefined
".\_build\ble_app_uart.axf" - 1 Errors, 0 Warning(s).
Target not created
Build target 'nrf51822_xxaa_s110 (256K)'
compiling main.c...
linking...
Program Size: Code=9280 RO-data=244 RW-data=104 ZI-data=4936  
FromELF: creating hex file...
".\_build\ble_app_uart.axf" - 0 Errors, 0 Warning(s).
Build target 'nrf51822_xxaa_s110 (256K)'
compiling main.c...
linking...
Program Size: Code=9280 RO-data=244 RW-data=104 ZI-data=4936  
FromELF: creating hex file...
".\_build\ble_app_uart.axf" - 0 Errors, 0 Warning(s).
Build target 'nrf51822_xxaa_s110 (256K)'
compiling main.c...
..\main.c(534): warning:  #223-D: function "nrf_delay_ms" declared implicitly
linking...
.\_build\ble_app_uart.axf: Error: L6218E: Undefined symbol nrf_delay_ms (referred from main.o).
".\_build\ble_app_uart.axf" - 1 Errors, 1 Warning(s).
Target not created
Build target 'nrf51822_xxaa_s110 (256K)'
compiling main.c...
..\main.c(533): error:  #167: argument of type "int" is incompatible with parameter of type "ble_nus_t *"
..\main.c(534): warning:  #223-D: function "nrf_delay_ms" declared implicitly
".\_build\ble_app_uart.axf" - 1 Errors, 1 Warning(s).
Target not created
Build target 'nrf51822_xxaa_s110 (256K)'
compiling main.c...
..\main.c(536): warning:  #223-D: function "nrf_delay_ms" declared implicitly
linking...
.\_build\ble_app_uart.axf: Error: L6218E: Undefined symbol nrf_delay_ms (referred from main.o).
".\_build\ble_app_uart.axf" - 1 Errors, 1 Warning(s).
Target not created
Build target 'nrf51822_xxaa_s110 (256K)'
compiling main.c...
..\main.c(536): warning:  #223-D: function "nrf_delay_ms" declared implicitly
linking...
.\_build\ble_app_uart.axf: Error: L6218E: Undefined symbol nrf_delay_ms (referred from main.o).
".\_build\ble_app_uart.axf" - 1 Errors, 1 Warning(s).
Target not created
Build target 'nrf51822_xxaa_s110 (256K)'
compiling main.c...
linking...
Program Size: Code=9292 RO-data=264 RW-data=104 ZI-data=4936  
FromELF: creating hex file...
".\_build\ble_app_uart.axf" - 0 Errors, 0 Warning(s).
Build target 'nrf51822_xxaa_s110 (256K)'
compiling main.c...
linking...
Program Size: Code=9292 RO-data=264 RW-data=104 ZI-data=4936  
FromELF: creating hex file...
".\_build\ble_app_uart.axf" - 0 Errors, 0 Warning(s).
